0 info it worked if it ends with ok
1 verbose cli [ '/usr/bin/node',
1 verbose cli   '/usr/bin/npm',
1 verbose cli   'install',
1 verbose cli   'grunt-contrib-almond',
1 verbose cli   '--save-dev' ]
2 info using npm@1.4.28
3 info using node@v0.10.40
4 verbose node symlink /usr/bin/node
5 verbose readDependencies using package.json deps
6 verbose cache add [ 'grunt-contrib-almond', null ]
7 verbose cache add name=undefined spec="grunt-contrib-almond" args=["grunt-contrib-almond",null]
8 verbose parsed url { protocol: null,
8 verbose parsed url   slashes: null,
8 verbose parsed url   auth: null,
8 verbose parsed url   host: null,
8 verbose parsed url   port: null,
8 verbose parsed url   hostname: null,
8 verbose parsed url   hash: null,
8 verbose parsed url   search: null,
8 verbose parsed url   query: null,
8 verbose parsed url   pathname: 'grunt-contrib-almond',
8 verbose parsed url   path: 'grunt-contrib-almond',
8 verbose parsed url   href: 'grunt-contrib-almond' }
9 silly lockFile 8c8f7adc-grunt-contrib-almond grunt-contrib-almond
10 verbose lock grunt-contrib-almond /home/sasha/.npm/8c8f7adc-grunt-contrib-almond.lock
11 silly lockFile 8c8f7adc-grunt-contrib-almond grunt-contrib-almond
12 silly lockFile 8c8f7adc-grunt-contrib-almond grunt-contrib-almond
13 verbose addNamed [ 'grunt-contrib-almond', '' ]
14 verbose addNamed [ null, '*' ]
15 silly lockFile 954def7b-grunt-contrib-almond grunt-contrib-almond@
16 verbose lock grunt-contrib-almond@ /home/sasha/.npm/954def7b-grunt-contrib-almond.lock
17 silly addNameRange { name: 'grunt-contrib-almond', range: '*', hasData: false }
18 verbose request where is /grunt-contrib-almond
19 verbose request registry https://registry.npmjs.org/
20 verbose request id 3eea128e261e8242
21 verbose url raw /grunt-contrib-almond
22 verbose url resolving [ 'https://registry.npmjs.org/', './grunt-contrib-almond' ]
23 verbose url resolved https://registry.npmjs.org/grunt-contrib-almond
24 verbose request where is https://registry.npmjs.org/grunt-contrib-almond
25 info trying registry request attempt 1 at 18:33:10
26 http GET https://registry.npmjs.org/grunt-contrib-almond
27 http 404 https://registry.npmjs.org/grunt-contrib-almond
28 silly registry.get cb [ 404,
28 silly registry.get   { 'content-type': 'application/json',
28 silly registry.get     'cache-control': 'max-age=0',
28 silly registry.get     'content-length': '2',
28 silly registry.get     'accept-ranges': 'bytes',
28 silly registry.get     date: 'Thu, 17 Dec 2015 15:33:11 GMT',
28 silly registry.get     via: '1.1 varnish',
28 silly registry.get     age: '0',
28 silly registry.get     connection: 'keep-alive',
28 silly registry.get     'x-served-by': 'cache-ams4141-AMS',
28 silly registry.get     'x-cache': 'MISS',
28 silly registry.get     'x-cache-hits': '0',
28 silly registry.get     'x-timer': 'S1450366390.862377,VS0,VE177' } ]
29 silly lockFile 954def7b-grunt-contrib-almond grunt-contrib-almond@
30 silly lockFile 954def7b-grunt-contrib-almond grunt-contrib-almond@
31 error 404 Not Found
31 error 404
31 error 404 'grunt-contrib-almond' is not in the npm registry.
31 error 404 You should bug the author to publish it
31 error 404 It was specified as a dependency of 'Space_Hockey_Client'
31 error 404
31 error 404 Note that you can also install from a
31 error 404 tarball, folder, or http url, or git url.
32 error System Linux 3.16.0-41-generic
33 error command "/usr/bin/node" "/usr/bin/npm" "install" "grunt-contrib-almond" "--save-dev"
34 error cwd /home/sasha/spacehockey/SpaceHockeyClient
35 error node -v v0.10.40
36 error npm -v 1.4.28
37 error code E404
38 verbose exit [ 1, true ]
